<?xml version="1.0" encoding="UTF-8"?>
<!-- Generated by org.testng.reporters.JUnitXMLReporter -->
<testsuite ignored="6" hostname="AlaaAbozaid" failures="0" tests="10" name="All" time="40.621" errors="0" timestamp="29 Apr 2022 19:23:40 GMT">
  <testcase classname="tests.HomePageTest" name="checkHomePageCount" time="0.034"/>
  <testcase classname="tests.ContactUsTest" name="testContactUs" time="9.796"/>
  <testcase classname="tests.LoginTest" name="missingPasswordField" time="4.825"/>
  <testcase classname="tests.LoginTest" name="testLoginWithIncorrectPassword" time="3.077"/>
  <testcase classname="tests.LoginTest" name="CreateAccounErrorMessage" time="1.261"/>
  <testcase classname="tests.LoginTest" name="testtUserWithList" time="2.351"/>
  <testcase classname="tests.LoginTest" name="testtUserWithList" time="2.407"/>
  <testcase classname="tests.LoginTest" name="testtUserWithList" time="4.094"/>
  <testcase classname="tests.LoginTest" name="LoginWithDataProvider" time="3.927"/>
  <testcase classname="tests.LoginTest" name="LoginWithDataProvider" time="2.829"/>
  <testcase classname="pom.BaseClass" name="@BeforeTest setUp" time="0.0">
    <ignored/>
  </testcase> <!-- @BeforeTest setUp -->
  <testcase classname="pom.BaseClass" name="@BeforeTest setUp" time="0.0">
    <ignored/>
  </testcase> <!-- @BeforeTest setUp -->
  <testcase classname="pom.BaseClass" name="@BeforeTest setUp" time="0.0">
    <ignored/>
  </testcase> <!-- @BeforeTest setUp -->
  <testcase classname="pom.BaseClass" name="@AfterTest tearDown" time="0.0">
    <ignored/>
  </testcase> <!-- @AfterTest tearDown -->
  <testcase classname="pom.BaseClass" name="@AfterTest tearDown" time="0.0">
    <ignored/>
  </testcase> <!-- @AfterTest tearDown -->
  <testcase classname="pom.BaseClass" name="@AfterTest tearDown" time="0.0">
    <ignored/>
  </testcase> <!-- @AfterTest tearDown -->
</testsuite> <!-- All -->
